<?xml version="1.0" encoding="UTF-8"?>
<!-- Generated by org.testng.reporters.JUnitXMLReporter -->
<testsuite ignored="0" hostname="DC-KA-QA-RL-265" failures="1" tests="1" name="Default test(failed)" time="4.203" errors="0" timestamp="2025-09-15T16:46:50 IST">
  <testcase classname="io.cucumber.testng.AbstractTestNGCucumberTests" name="runScenario" time="3.986">
    <failure type="java.lang.AssertionError" message="Page title mismatch! expected [Voogle] but found [Google]">
      <![CDATA[java.lang.AssertionError: Page title mismatch! expected [Voogle] but found [Google]
at com.example.steps.StepDefinitions.the_page_title_should_be(StepDefinitions.java:31)
at ✽.the page title should be "Voogle"(file:///C:/Users/DC4183/eclipse-workspace/selenium-cucumber-testng/src/test/resources/features/pageTitle.feature:6)
... Removed 5 stack frames]]>
    </failure>
  </testcase> <!-- runScenario -->
</testsuite> <!-- Default test(failed) -->
