<?xml version="1.0" encoding="UTF-8"?>
<!-- Generated by org.testng.reporters.JUnitReportReporter -->
<testsuite hostname="DC-KA-QA-RL-265" failures="1" tests="1" name="com.example.runners.RunTest" time="6.079" errors="0" timestamp="2025-09-15T17:00:11 IST" skipped="0">
  <testcase classname="com.example.runners.RunTest" name="runScenario" time="6.079">
    <failure message="Page title mismatch! expected [Voogle] but found [Google]" type="java.lang.AssertionError">
      <![CDATA[java.lang.AssertionError: Page title mismatch! expected [Voogle] but found [Google]
at org.testng.Assert.fail(Assert.java:111)
at org.testng.Assert.failNotEquals(Assert.java:1590)
at org.testng.Assert.assertEqualsImpl(Assert.java:150)
at org.testng.Assert.assertEquals(Assert.java:132)
at org.testng.Assert.assertEquals(Assert.java:656)
at com.example.steps.StepDefinitions.the_page_title_should_be(StepDefinitions.java:29)
at ✽.the page title should be "Voogle"(file:///C:/Users/DC4183/eclipse-workspace/selenium-cucumber-testng/src/test/resources/features/pageTitle.feature:6)
]]>
    </failure>
  </testcase> <!-- runScenario -->
</testsuite> <!-- com.example.runners.RunTest -->
